C:\USERS\Максим\DOCUMENTS\VISUAL STUDIO 2012\PROJECTS\BIG_LAB\BIG_LAB\DEBUG\BIG_LAB.PCH
C:\USERS\Максим\DOCUMENTS\VISUAL STUDIO 2012\PROJECTS\BIG_LAB\BIG_LAB\DEBUG\STDAFX.OBJ
C:\USERS\МАКСИМ\DOCUMENTS\VISUAL STUDIO 2012\PROJECTS\BIG_LAB\BIG_LAB\DEBUG\VC110.PDB
C:\USERS\Максим\DOCUMENTS\VISUAL STUDIO 2012\PROJECTS\BIG_LAB\BIG_LAB\DEBUG\BIG_LAB.OBJ
C:\USERS\Максим\DOCUMENTS\VISUAL STUDIO 2012\PROJECTS\BIG_LAB\DEBUG\BIG_LAB.ILK
C:\USERS\Максим\DOCUMENTS\VISUAL STUDIO 2012\PROJECTS\BIG_LAB\DEBUG\BIG_LAB.EXE
C:\USERS\МАКСИМ\DOCUMENTS\VISUAL STUDIO 2012\PROJECTS\BIG_LAB\DEBUG\BIG_LAB.PDB
C:\Users\Максим\Documents\Visual Studio 2012\Projects\big_lab\big_lab\Debug\big_lab.obj
C:\Users\Максим\Documents\Visual Studio 2012\Projects\big_lab\big_lab\Debug\stdafx.obj
C:\Users\Максим\Documents\Visual Studio 2012\Projects\big_lab\big_lab\Debug\cl.command.1.tlog
C:\Users\Максим\Documents\Visual Studio 2012\Projects\big_lab\big_lab\Debug\CL.read.1.tlog
C:\Users\Максим\Documents\Visual Studio 2012\Projects\big_lab\big_lab\Debug\CL.write.1.tlog
C:\Users\Максим\Documents\Visual Studio 2012\Projects\big_lab\big_lab\Debug\link-cvtres.read.1.tlog
C:\Users\Максим\Documents\Visual Studio 2012\Projects\big_lab\big_lab\Debug\link-cvtres.write.1.tlog
C:\Users\Максим\Documents\Visual Studio 2012\Projects\big_lab\big_lab\Debug\link-rc.read.1.tlog
C:\Users\Максим\Documents\Visual Studio 2012\Projects\big_lab\big_lab\Debug\link-rc.write.1.tlog
C:\Users\Максим\Documents\Visual Studio 2012\Projects\big_lab\big_lab\Debug\link.command.1.tlog
C:\Users\Максим\Documents\Visual Studio 2012\Projects\big_lab\big_lab\Debug\link.read.1.tlog
C:\Users\Максим\Documents\Visual Studio 2012\Projects\big_lab\big_lab\Debug\link.write.1.tlog
C:\Users\Максим\Documents\Visual Studio 2012\Projects\big_lab\big_lab\Debug\big_lab.pch
C:\Users\Максим\Documents\Visual Studio 2012\Projects\big_lab\big_lab\Debug\vc110.idb
C:\Users\Максим\Documents\Visual Studio 2012\Projects\big_lab\big_lab\Debug\vc110.pdb
C:\Users\Максим\Documents\Visual Studio 2012\Projects\big_lab\Debug\big_lab.pdb
C:\Users\Максим\Documents\Visual Studio 2012\Projects\big_lab\Debug\big_lab.exe
C:\Users\Максим\Documents\Visual Studio 2012\Projects\big_lab\Debug\big_lab.ilk
